<?xml version="1.0" encoding="UTF-8"?>
<!-- Generated by org.testng.reporters.JUnitReportReporter -->
<testsuite hostname="LAPTOP-O052506G" failures="0" tests="1" name="Com.testclass.TC01_VerifyCountryName" time="22.995" errors="0" timestamp="2022-11-11T14:58:30 IST" skipped="0">
  <testcase classname="Com.testclass.TC01_VerifyCountryName" name="vefityCountryName" time="22.995"/>
  <system-out/>
</testsuite> <!-- Com.testclass.TC01_VerifyCountryName -->
