<?xml version="1.0" encoding="UTF-8"?>
<!-- Generated by org.testng.reporters.JUnitReportReporter -->
<testsuite hostname="LAPTOP-O052506G" failures="0" tests="1" name="Com.testclass.Testcase1" time="29.301" errors="0" timestamp="2022-11-11T14:25:38 IST" skipped="0">
  <testcase classname="Com.testclass.Testcase1" name="vefityCountryName" time="29.301"/>
  <system-out/>
</testsuite> <!-- Com.testclass.Testcase1 -->
